<?xml version="1.0" encoding="UTF-8"?>
<testsuite xmlns:xsi="http://www.w3.org/2001/XMLSchema-instance" xsi:noNamespaceSchemaLocation="https://maven.apache.org/surefire/maven-surefire-plugin/xsd/surefire-test-report.xsd" name="com.prabathj.bookinggw.BookingCompleteProcessAuoServerStartTest" time="3.13" tests="3" errors="0" skipped="0" failures="0">
  <properties>
[...]
</properties>
  <testcase name="processBookings" classname="com.prabathj.bookinggw.BookingCompleteProcessAuoServerStartTest" time="1.704"/>
  <testcase name="bookingSearchByDate" classname="com.prabathj.bookinggw.BookingCompleteProcessAuoServerStartTest" time="0.083"/>
  <testcase name="bookingSearch" classname="com.prabathj.bookinggw.BookingCompleteProcessAuoServerStartTest" time="0.02"/>
</testsuite>